{"event": "api_ok", "method": "user.info", "attempt": 0}
{"event": "api_ok", "method": "user.status", "attempt": 0}
{"event": "api_ok", "method": "user.rating", "attempt": 0}
{"event": "cache_hit", "method": "user.info"}
{"event": "api_ok", "method": "user.status", "attempt": 0}
{"event": "cache_hit", "method": "user.rating"}
{"event": "cache_hit", "method": "user.info"}
{"event": "api_ok", "method": "user.status", "attempt": 0}
{"event": "cache_hit", "method": "user.rating"}
{"event": "api_err", "method": "user.info", "attempt": 0, "error": "user.info: handles: User with handle ljxboool not found"}
{"event": "api_err", "method": "user.info", "attempt": 1, "error": "user.info: handles: User with handle ljxboool not found"}
{"event": "api_err", "method": "user.info", "attempt": 2, "error": "user.info: handles: User with handle ljxboool not found"}
{"event": "api_err", "method": "user.info", "attempt": 0, "error": "user.info: handles: User with handle ljxboool not found"}
{"event": "api_err", "method": "user.info", "attempt": 1, "error": "user.info: handles: User with handle ljxboool not found"}
{"event": "api_err", "method": "user.info", "attempt": 2, "error": "user.info: handles: User with handle ljxboool not found"}
{"event": "api_err", "method": "user.info", "attempt": 0, "error": "HTTPSConnectionPool(host='codeforces.com', port=443): Read timed out. (read timeout=15)"}
{"event": "api_ok", "method": "user.info", "attempt": 1}
{"event": "api_ok", "method": "user.status", "attempt": 0}
{"event": "api_ok", "method": "user.rating", "attempt": 0}
{"event": "cache_hit", "method": "user.info"}
{"event": "api_ok", "method": "user.status", "attempt": 0}
{"event": "cache_hit", "method": "user.rating"}
{"event": "api_ok", "method": "user.info", "attempt": 0}
{"event": "api_ok", "method": "user.status", "attempt": 0}
{"event": "api_ok", "method": "user.rating", "attempt": 0}
{"event": "cache_hit", "method": "user.info"}
{"event": "cache_hit", "method": "user.status"}
{"event": "cache_hit", "method": "user.rating"}
{"event": "cache_hit", "method": "user.info"}
{"event": "api_ok", "method": "user.status", "attempt": 0}
{"event": "cache_hit", "method": "user.rating"}
{"event": "cache_hit", "method": "user.info"}
{"event": "cache_hit", "method": "user.status"}
{"event": "cache_hit", "method": "user.rating"}
{"event": "cache_hit", "method": "user.info"}
{"event": "cache_hit", "method": "user.status"}
{"event": "cache_hit", "method": "user.rating"}
{"event": "cache_hit", "method": "user.info"}
{"event": "cache_hit", "method": "user.status"}
{"event": "cache_hit", "method": "user.rating"}
{"event": "cache_hit", "method": "user.info"}
{"event": "cache_hit", "method": "user.status"}
{"event": "cache_hit", "method": "user.rating"}
{"event": "cache_hit", "method": "user.info"}
{"event": "cache_hit", "method": "user.status"}
{"event": "cache_hit", "method": "user.rating"}
{"event": "cache_hit", "method": "user.info"}
{"event": "cache_hit", "method": "user.status"}
{"event": "cache_hit", "method": "user.rating"}
{"event": "cache_hit", "method": "user.info"}
{"event": "cache_hit", "method": "user.status"}
{"event": "cache_hit", "method": "user.rating"}
{"event": "cache_hit", "method": "user.info"}
{"event": "cache_hit", "method": "user.status"}
{"event": "cache_hit", "method": "user.rating"}
{"event": "cache_hit", "method": "user.info"}
{"event": "cache_hit", "method": "user.status"}
{"event": "cache_hit", "method": "user.rating"}
{"event": "api_ok", "method": "user.info", "attempt": 0}
{"event": "api_ok", "method": "user.status", "attempt": 0}
{"event": "api_ok", "method": "user.rating", "attempt": 0}
{"event": "api_ok", "method": "user.info", "attempt": 0}
{"event": "api_ok", "method": "user.status", "attempt": 0}
{"event": "api_ok", "method": "user.rating", "attempt": 0}
{"event": "cache_hit", "method": "user.info"}
{"event": "cache_hit", "method": "user.status"}
{"event": "cache_hit", "method": "user.rating"}
{"event": "cache_hit", "method": "user.info"}
{"event": "cache_hit", "method": "user.status"}
{"event": "cache_hit", "method": "user.rating"}
{"event": "cache_hit", "method": "user.info"}
{"event": "cache_hit", "method": "user.status"}
{"event": "cache_hit", "method": "user.rating"}
{"event": "cache_hit", "method": "user.info"}
{"event": "cache_hit", "method": "user.status"}
{"event": "cache_hit", "method": "user.rating"}
{"event": "cache_hit", "method": "user.info"}
{"event": "cache_hit", "method": "user.status"}
{"event": "cache_hit", "method": "user.rating"}
{"event": "cache_hit", "method": "user.info"}
{"event": "cache_hit", "method": "user.status"}
{"event": "cache_hit", "method": "user.rating"}
{"event": "cache_hit", "method": "user.info"}
{"event": "cache_hit", "method": "user.status"}
{"event": "cache_hit", "method": "user.rating"}
{"event": "cache_hit", "method": "user.info"}
{"event": "cache_hit", "method": "user.status"}
{"event": "cache_hit", "method": "user.rating"}
{"event": "cache_hit", "method": "user.info"}
{"event": "cache_hit", "method": "user.status"}
{"event": "cache_hit", "method": "user.rating"}
{"event": "cache_hit", "method": "user.info"}
{"event": "cache_hit", "method": "user.status"}
{"event": "cache_hit", "method": "user.rating"}
{"event": "cache_hit", "method": "user.info"}
{"event": "cache_hit", "method": "user.status"}
{"event": "cache_hit", "method": "user.rating"}
{"event": "cache_hit", "method": "user.info"}
{"event": "cache_hit", "method": "user.status"}
{"event": "cache_hit", "method": "user.rating"}
{"event": "cache_hit", "method": "user.info"}
{"event": "cache_hit", "method": "user.status"}
{"event": "cache_hit", "method": "user.rating"}
{"event": "cache_hit", "method": "user.info"}
{"event": "cache_hit", "method": "user.status"}
{"event": "cache_hit", "method": "user.rating"}
{"event": "cache_hit", "method": "user.info"}
{"event": "cache_hit", "method": "user.status"}
{"event": "cache_hit", "method": "user.rating"}
{"event": "cache_hit", "method": "user.info"}
{"event": "cache_hit", "method": "user.status"}
{"event": "cache_hit", "method": "user.rating"}
{"event": "cache_hit", "method": "user.info"}
{"event": "cache_hit", "method": "user.status"}
{"event": "cache_hit", "method": "user.rating"}
{"event": "cache_hit", "method": "user.info"}
{"event": "cache_hit", "method": "user.status"}
{"event": "cache_hit", "method": "user.rating"}
{"event": "cache_hit", "method": "user.info"}
{"event": "cache_hit", "method": "user.status"}
{"event": "cache_hit", "method": "user.rating"}
{"event": "cache_hit", "method": "user.info"}
{"event": "cache_hit", "method": "user.status"}
{"event": "cache_hit", "method": "user.rating"}
{"event": "cache_hit", "method": "user.info"}
{"event": "cache_hit", "method": "user.status"}
{"event": "cache_hit", "method": "user.rating"}
{"event": "cache_hit", "method": "user.info"}
{"event": "cache_hit", "method": "user.status"}
{"event": "cache_hit", "method": "user.rating"}
{"event": "cache_hit", "method": "user.info"}
{"event": "cache_hit", "method": "user.status"}
{"event": "cache_hit", "method": "user.rating"}
{"event": "cache_hit", "method": "user.info"}
{"event": "cache_hit", "method": "user.status"}
{"event": "cache_hit", "method": "user.rating"}
